<?xml version="1.0" encoding="UTF-8"?>
<testsuite xmlns:xsi="http://www.w3.org/2001/XMLSchema-instance" xsi:noNamespaceSchemaLocation="https://maven.apache.org/surefire/maven-surefire-plugin/xsd/surefire-test-report-3.0.xsd" version="3.0" name="aed.ABBTests" time="0.194" tests="12" errors="0" skipped="0" failures="0">
  <properties>
[...]
</properties>
  <testcase name="eliminar_elemento_con_un_descendiente" classname="aed.ABBTests" time="0.097"/>
  <testcase name="eliminar_elemento_con_dos_descendientes" classname="aed.ABBTests" time="0.001"/>
  <testcase name="eliminar_raiz" classname="aed.ABBTests" time="0.002"/>
  <testcase name="eliminar_elemento_con_doble_descendencia" classname="aed.ABBTests" time="0.004"/>
  <testcase name="testToString" classname="aed.ABBTests" time="0.003"/>
  <testcase name="stress" classname="aed.ABBTests" time="0.024"/>
  <testcase name="nuevo_conjunto_vacio" classname="aed.ABBTests" time="0.001"/>
  <testcase name="siguiente_inorder" classname="aed.ABBTests" time="0.004"/>
  <testcase name="eliminar_elemento_con_sucesor_arriba" classname="aed.ABBTests" time="0"/>
  <testcase name="insertar_cinco_nombres" classname="aed.ABBTests" time="0"/>
  <testcase name="insertar_un_elemento" classname="aed.ABBTests" time="0.001"/>
  <testcase name="insertar_cinco_enteros" classname="aed.ABBTests" time="0.001"/>
</testsuite>